<?xml version="1.0" encoding="UTF-8"?>
<!-- Generated by org.testng.reporters.JUnitReportReporter -->
<testsuite hostname="LAPTOP-MSOVL0NP" failures="0" tests="2" name="sumitframework.Standalone2" time="83.889" errors="0" timestamp="2024-05-27T18:37:06 IST" skipped="0">
  <testcase classname="sumitframework.Standalone2" name="driveTest" time="40.582"/>
  <testcase classname="sumitframework.Standalone2" name="driveTest" time="43.307"/>
</testsuite> <!-- sumitframework.Standalone2 -->
